<?xml version="1.0" encoding="UTF-8" ?>
<testsuites disabled="0" errors="0" failures="0" tests="5" time="0.033">
 <testsuite name="Add functionality" timestamp="2019-05-18T23:33:16" hostname="localhost" time="0.033" errors="0" tests="5" skipped="0" disabled="0" failures="0">
  <testcase classname="Add functionality" name="calculates that x + y = z" time="0.01" />
  <testcase classname="Add functionality" name="calculates that x * y = z" time="0.001" />
  <testcase classname="Add functionality" name="calculates that x / y = z" time="0" />
  <testcase classname="Add functionality" name="calculates that x + y != z" time="0.002" />
  <testcase classname="Add functionality" name="calculates that x - y = z" time="0.001" />
 </testsuite>
</testsuites>